<?xml version="1.0" encoding="utf-8"?><testsuites><testsuite name="pytest" errors="0" failures="0" skipped="0" tests="3" time="4.220" timestamp="2024-05-26T20:12:28.696915" hostname="BachLaptop"><testcase classname="tests.test_train_model.TestDreamBoothDataset" name="test_getitem" time="1.032" /><testcase classname="tests.test_train_model.TestDreamBoothDataset" name="test_len" time="0.751" /><testcase classname="tests.test_train_model.TestCollateFn" name="test_collate_fn" time="0.002" /></testsuite></testsuites>