<?xml version="1.0" encoding="utf-8"?><testsuites><testsuite name="pytest" errors="0" failures="0" skipped="0" tests="3" time="4.480" timestamp="2024-05-26T20:15:55.153086" hostname="BachLaptop"><testcase classname="tests.test_train_model.TestDreamBoothDataset" name="test_getitem" time="0.829" /><testcase classname="tests.test_train_model.TestDreamBoothDataset" name="test_len" time="1.277" /><testcase classname="tests.test_train_model.TestCollateFn" name="test_collate_fn" time="0.002" /></testsuite></testsuites>